<?xml version="1.0" encoding="UTF-8"?>
<testng-results ignored="0" total="1" passed="1" failed="0" skipped="0">
  <reporter-output>
  </reporter-output>
  <suite started-at="2021-04-27T16:23:41 EDT" name="Smoke Test" finished-at="2021-04-27T16:24:06 EDT" duration-ms="24801">
    <groups>
    </groups>
    <test started-at="2021-04-27T16:23:41 EDT" name="Adhoc Test" finished-at="2021-04-27T16:24:06 EDT" duration-ms="24801">
      <class name="com.peolentech.automationtrainingcourse.PropertyPractice">
        <test-method is-config="true" signature="browsers(java.lang.String,java.lang.String)[pri:0, instance:com.peolentech.automationtrainingcourse.PropertyPractice@27ff5d15]" started-at="2021-04-27T16:23:41 EDT" name="browsers" finished-at="2021-04-27T16:23:43 EDT" duration-ms="2194" status="PASS">
          <params>
            <param index="0">
              <value>
                <![CDATA[Chrome]]>
              </value>
            </param>
            <param index="1">
              <value>
                <![CDATA[https://www.facebook.com]]>
              </value>
            </param>
          </params>
          <reporter-output>
          </reporter-output>
        </test-method> <!-- browsers -->
        <test-method signature="f()[pri:0, instance:com.peolentech.automationtrainingcourse.PropertyPractice@27ff5d15]" started-at="2021-04-27T16:23:43 EDT" name="f" finished-at="2021-04-27T16:24:02 EDT" duration-ms="18281" status="PASS">
          <reporter-output>
          </reporter-output>
        </test-method> <!-- f -->
        <test-method is-config="true" signature="endclass()[pri:0, instance:com.peolentech.automationtrainingcourse.PropertyPractice@27ff5d15]" started-at="2021-04-27T16:24:02 EDT" name="endclass" finished-at="2021-04-27T16:24:06 EDT" duration-ms="4152" status="PASS">
          <reporter-output>
          </reporter-output>
        </test-method> <!-- endclass -->
      </class> <!-- com.peolentech.automationtrainingcourse.PropertyPractice -->
    </test> <!-- Adhoc Test -->
  </suite> <!-- Smoke Test -->
</testng-results>
