<?xml version="1.0" encoding="UTF-8"?>
<!-- Generated by org.testng.reporters.JUnitXMLReporter -->
<testsuite ignored="0" hostname="LAPTOP-S2V733QP" failures="0" tests="3" name="Smoke test" time="15.341" errors="0" timestamp="2021-04-20T21:49:19 EDT">
  <testcase classname="com.peolentech.automationtrainingcourse.SignHomePage" name="Pageobjprac" time="6.215"/>
  <testcase classname="praticePackageforTestNG.PracticeDay1" name="f" time="0.002"/>
  <testcase classname="praticePackageforTestNG.PracticeDay2" name="f" time="0.001"/>
</testsuite> <!-- Smoke test -->
