<?xml version="1.0" encoding="UTF-8"?>
<!-- Generated by org.testng.reporters.JUnitXMLReporter -->
<testsuite ignored="0" hostname="LAPTOP-S2V733QP" failures="0" tests="3" name="system Test" time="9.39" errors="0" timestamp="2021-04-20T21:49:13 EDT">
  <testcase classname="com.peolentech.automationtrainingcourse.SignHomePage" name="Pageobjprac" time="5.956"/>
  <testcase classname="praticePackageforTestNG.PracticeDay1" name="f" time="0.001"/>
  <testcase classname="praticePackageforTestNG.PracticeDay2" name="f" time="0.001"/>
</testsuite> <!-- system Test -->
